2025-11-05 22:44:15,970 - INFO - Usando dispositivo: cuda
/home/exx/users/nicolas/venv/lib/python3.10/site-packages/torch/autograd/graph.py:829: UserWarning: Attempting to run cuBLAS, but there was no current CUDA context! Attempting to set the primary context... (Triggered internally at /pytorch/aten/src/ATen/cuda/CublasHandlePool.cpp:179.)
  return Variable._execution_engine.run_backward(  # Calls into the C++ engine to run the backward pass
2025-11-05 22:44:17,031 - INFO - Epoch 0 - Loss: 1.00e+01 - LR: 5.00e-04 - Time: 0.24 s - ETA: 0.1 min
2025-11-05 22:44:25,944 - INFO - Epoch 1000 - Loss: 1.04e-01 - LR: 5.00e-04 - Time: 8.91 s - ETA: 4.3 min
2025-11-05 22:44:35,004 - INFO - Epoch 2000 - Loss: 9.59e-02 - LR: 5.00e-04 - Time: 9.06 s - ETA: 4.2 min
2025-11-05 22:44:43,908 - INFO - Epoch 3000 - Loss: 9.06e-02 - LR: 5.00e-04 - Time: 8.90 s - ETA: 4.0 min
2025-11-05 22:44:52,005 - INFO - Epoch 4000 - Loss: 8.97e-02 - LR: 5.00e-04 - Time: 8.10 s - ETA: 3.5 min
2025-11-05 22:45:00,004 - INFO - Epoch 5000 - Loss: 8.96e-02 - LR: 2.50e-04 - Time: 8.00 s - ETA: 3.3 min
2025-11-05 22:45:08,070 - INFO - Epoch 6000 - Loss: 8.90e-02 - LR: 2.50e-04 - Time: 8.07 s - ETA: 3.2 min
2025-11-05 22:45:16,136 - INFO - Epoch 7000 - Loss: 8.91e-02 - LR: 2.50e-04 - Time: 8.07 s - ETA: 3.1 min
2025-11-05 22:45:24,140 - INFO - Epoch 8000 - Loss: 8.91e-02 - LR: 2.50e-04 - Time: 8.00 s - ETA: 2.9 min
2025-11-05 22:45:32,200 - INFO - Epoch 9000 - Loss: 9.03e-02 - LR: 2.50e-04 - Time: 8.06 s - ETA: 2.8 min
2025-11-05 22:45:40,146 - INFO - Epoch 10000 - Loss: 8.84e-02 - LR: 1.25e-04 - Time: 7.95 s - ETA: 2.6 min
2025-11-05 22:45:48,159 - INFO - Epoch 11000 - Loss: 8.95e-02 - LR: 1.25e-04 - Time: 8.01 s - ETA: 2.5 min
2025-11-05 22:45:56,161 - INFO - Epoch 12000 - Loss: 8.91e-02 - LR: 1.25e-04 - Time: 8.00 s - ETA: 2.4 min
2025-11-05 22:46:03,972 - INFO - Epoch 13000 - Loss: 9.02e-02 - LR: 1.25e-04 - Time: 7.81 s - ETA: 2.2 min
2025-11-05 22:46:12,000 - INFO - Epoch 14000 - Loss: 8.77e-02 - LR: 1.25e-04 - Time: 8.03 s - ETA: 2.1 min
2025-11-05 22:46:20,044 - INFO - Epoch 15000 - Loss: 8.95e-02 - LR: 6.25e-05 - Time: 8.04 s - ETA: 2.0 min
2025-11-05 22:46:28,055 - INFO - Epoch 16000 - Loss: 8.95e-02 - LR: 6.25e-05 - Time: 8.01 s - ETA: 1.9 min
2025-11-05 22:46:36,049 - INFO - Epoch 17000 - Loss: 8.89e-02 - LR: 6.25e-05 - Time: 7.99 s - ETA: 1.7 min
2025-11-05 22:46:44,074 - INFO - Epoch 18000 - Loss: 9.01e-02 - LR: 6.25e-05 - Time: 8.02 s - ETA: 1.6 min
2025-11-05 22:46:52,092 - INFO - Epoch 19000 - Loss: 8.88e-02 - LR: 6.25e-05 - Time: 8.02 s - ETA: 1.5 min
2025-11-05 22:47:00,097 - INFO - Epoch 20000 - Loss: 9.12e-02 - LR: 3.13e-05 - Time: 8.00 s - ETA: 1.3 min
2025-11-05 22:47:07,850 - INFO - Epoch 21000 - Loss: 8.99e-02 - LR: 3.13e-05 - Time: 7.75 s - ETA: 1.2 min
2025-11-05 22:47:14,080 - INFO - Epoch 22000 - Loss: 9.03e-02 - LR: 3.13e-05 - Time: 6.23 s - ETA: 0.8 min
2025-11-05 22:47:21,658 - INFO - Epoch 23000 - Loss: 8.98e-02 - LR: 3.13e-05 - Time: 7.58 s - ETA: 0.9 min
2025-11-05 22:47:27,938 - INFO - Epoch 24000 - Loss: 8.96e-02 - LR: 3.13e-05 - Time: 6.28 s - ETA: 0.6 min
2025-11-05 22:47:34,011 - INFO - Epoch 25000 - Loss: 8.92e-02 - LR: 1.56e-05 - Time: 6.07 s - ETA: 0.5 min
2025-11-05 22:47:40,272 - INFO - Epoch 26000 - Loss: 8.82e-02 - LR: 1.56e-05 - Time: 6.26 s - ETA: 0.4 min
2025-11-05 22:47:47,527 - INFO - Epoch 27000 - Loss: 8.82e-02 - LR: 1.56e-05 - Time: 7.25 s - ETA: 0.4 min
2025-11-05 22:47:53,677 - INFO - Epoch 28000 - Loss: 9.04e-02 - LR: 1.56e-05 - Time: 6.15 s - ETA: 0.2 min
2025-11-05 22:48:00,484 - INFO - Epoch 29000 - Loss: 8.91e-02 - LR: 1.56e-05 - Time: 6.81 s - ETA: 0.1 min
2025-11-05 22:48:08,460 - INFO - Epoch 30000 - Loss: 8.89e-02 - LR: 7.81e-06 - Time: 7.98 s - ETA: 0.0 min
2025-11-05 22:48:08,461 - INFO - Iniciando refinamento com L-BFGS...
2025-11-05 22:48:08,677 - INFO - L-BFGS Epoch 0 - Loss: 8.62e-02 - Time: 0.22 s - ETA: 0.5 min
2025-11-05 22:48:10,692 - INFO - L-BFGS Epoch 10 - Loss: 8.29e-02 - Time: 2.01 s - ETA: 5.0 min
2025-11-05 22:48:12,674 - INFO - L-BFGS Epoch 20 - Loss: 8.28e-02 - Time: 1.98 s - ETA: 4.9 min
2025-11-05 22:48:14,730 - INFO - L-BFGS Epoch 30 - Loss: 8.26e-02 - Time: 2.06 s - ETA: 5.0 min
2025-11-05 22:48:16,896 - INFO - L-BFGS Epoch 40 - Loss: 8.25e-02 - Time: 2.17 s - ETA: 5.3 min
2025-11-05 22:48:18,928 - INFO - L-BFGS Epoch 50 - Loss: 8.23e-02 - Time: 2.03 s - ETA: 4.9 min
2025-11-05 22:48:20,985 - INFO - L-BFGS Epoch 60 - Loss: 8.21e-02 - Time: 2.06 s - ETA: 4.9 min
2025-11-05 22:48:23,013 - INFO - L-BFGS Epoch 70 - Loss: 8.20e-02 - Time: 2.03 s - ETA: 4.8 min
2025-11-05 22:48:25,010 - INFO - L-BFGS Epoch 80 - Loss: 8.19e-02 - Time: 2.00 s - ETA: 4.7 min
2025-11-05 22:48:27,154 - INFO - L-BFGS Epoch 90 - Loss: 8.18e-02 - Time: 2.14 s - ETA: 5.0 min
2025-11-05 22:48:29,183 - INFO - L-BFGS Epoch 100 - Loss: 8.17e-02 - Time: 2.03 s - ETA: 4.7 min
2025-11-05 22:48:31,209 - INFO - L-BFGS Epoch 110 - Loss: 8.16e-02 - Time: 2.03 s - ETA: 4.7 min
2025-11-05 22:48:33,297 - INFO - L-BFGS Epoch 120 - Loss: 8.16e-02 - Time: 2.09 s - ETA: 4.8 min
2025-11-05 22:48:35,291 - INFO - L-BFGS Epoch 130 - Loss: 8.15e-02 - Time: 1.99 s - ETA: 4.6 min
2025-11-05 22:48:37,431 - INFO - L-BFGS Epoch 140 - Loss: 8.15e-02 - Time: 2.14 s - ETA: 4.8 min
2025-11-05 22:48:39,423 - INFO - L-BFGS Epoch 150 - Loss: 8.14e-02 - Time: 1.99 s - ETA: 4.5 min
2025-11-05 22:48:41,415 - INFO - L-BFGS Epoch 160 - Loss: 8.13e-02 - Time: 1.99 s - ETA: 4.4 min
2025-11-05 22:48:43,406 - INFO - L-BFGS Epoch 170 - Loss: 8.12e-02 - Time: 1.99 s - ETA: 4.4 min
2025-11-05 22:48:45,462 - INFO - L-BFGS Epoch 180 - Loss: 8.12e-02 - Time: 2.06 s - ETA: 4.5 min
2025-11-05 22:48:47,573 - INFO - L-BFGS Epoch 190 - Loss: 8.11e-02 - Time: 2.11 s - ETA: 4.6 min
2025-11-05 22:48:49,567 - INFO - L-BFGS Epoch 200 - Loss: 8.10e-02 - Time: 1.99 s - ETA: 4.3 min
2025-11-05 22:48:51,594 - INFO - L-BFGS Epoch 210 - Loss: 8.09e-02 - Time: 2.03 s - ETA: 4.4 min
2025-11-05 22:48:53,579 - INFO - L-BFGS Epoch 220 - Loss: 8.08e-02 - Time: 1.99 s - ETA: 4.2 min
2025-11-05 22:48:55,609 - INFO - L-BFGS Epoch 230 - Loss: 8.08e-02 - Time: 2.03 s - ETA: 4.3 min
2025-11-05 22:48:57,817 - INFO - L-BFGS Epoch 240 - Loss: 8.07e-02 - Time: 2.21 s - ETA: 4.6 min
2025-11-05 22:48:59,873 - INFO - L-BFGS Epoch 250 - Loss: 8.06e-02 - Time: 2.06 s - ETA: 4.3 min
2025-11-05 22:49:01,865 - INFO - L-BFGS Epoch 260 - Loss: 8.06e-02 - Time: 1.99 s - ETA: 4.1 min
2025-11-05 22:49:03,895 - INFO - L-BFGS Epoch 270 - Loss: 8.05e-02 - Time: 2.03 s - ETA: 4.2 min
2025-11-05 22:49:06,005 - INFO - L-BFGS Epoch 280 - Loss: 8.04e-02 - Time: 2.11 s - ETA: 4.3 min
2025-11-05 22:49:08,035 - INFO - L-BFGS Epoch 290 - Loss: 8.02e-02 - Time: 2.03 s - ETA: 4.1 min
2025-11-05 22:49:10,028 - INFO - L-BFGS Epoch 300 - Loss: 8.01e-02 - Time: 1.99 s - ETA: 4.0 min
2025-11-05 22:49:12,022 - INFO - L-BFGS Epoch 310 - Loss: 7.99e-02 - Time: 1.99 s - ETA: 4.0 min
2025-11-05 22:49:14,081 - INFO - L-BFGS Epoch 320 - Loss: 7.98e-02 - Time: 2.06 s - ETA: 4.1 min
2025-11-05 22:49:16,268 - INFO - L-BFGS Epoch 330 - Loss: 7.96e-02 - Time: 2.19 s - ETA: 4.3 min
2025-11-05 22:49:18,260 - INFO - L-BFGS Epoch 340 - Loss: 7.95e-02 - Time: 1.99 s - ETA: 3.8 min
2025-11-05 22:49:20,316 - INFO - L-BFGS Epoch 350 - Loss: 7.94e-02 - Time: 2.06 s - ETA: 3.9 min
2025-11-05 22:49:22,392 - INFO - L-BFGS Epoch 360 - Loss: 7.93e-02 - Time: 2.08 s - ETA: 3.9 min
2025-11-05 22:49:24,442 - INFO - L-BFGS Epoch 370 - Loss: 7.92e-02 - Time: 2.05 s - ETA: 3.9 min
2025-11-05 22:49:26,436 - INFO - L-BFGS Epoch 380 - Loss: 7.91e-02 - Time: 1.99 s - ETA: 3.7 min
2025-11-05 22:49:28,426 - INFO - L-BFGS Epoch 390 - Loss: 7.89e-02 - Time: 1.99 s - ETA: 3.7 min
2025-11-05 22:49:30,420 - INFO - L-BFGS Epoch 400 - Loss: 7.88e-02 - Time: 1.99 s - ETA: 3.7 min
2025-11-05 22:49:32,454 - INFO - L-BFGS Epoch 410 - Loss: 7.86e-02 - Time: 2.03 s - ETA: 3.7 min
2025-11-05 22:49:34,517 - INFO - L-BFGS Epoch 420 - Loss: 7.85e-02 - Time: 2.06 s - ETA: 3.7 min
2025-11-05 22:49:36,542 - INFO - L-BFGS Epoch 430 - Loss: 7.84e-02 - Time: 2.02 s - ETA: 3.6 min
2025-11-05 22:49:38,537 - INFO - L-BFGS Epoch 440 - Loss: 7.83e-02 - Time: 1.99 s - ETA: 3.5 min
2025-11-05 22:49:40,565 - INFO - L-BFGS Epoch 450 - Loss: 7.81e-02 - Time: 2.03 s - ETA: 3.5 min
2025-11-05 22:49:42,600 - INFO - L-BFGS Epoch 460 - Loss: 7.80e-02 - Time: 2.03 s - ETA: 3.5 min
2025-11-05 22:49:44,749 - INFO - L-BFGS Epoch 470 - Loss: 7.78e-02 - Time: 2.15 s - ETA: 3.7 min
2025-11-05 22:49:46,779 - INFO - L-BFGS Epoch 480 - Loss: 7.77e-02 - Time: 2.03 s - ETA: 3.5 min
2025-11-05 22:49:48,772 - INFO - L-BFGS Epoch 490 - Loss: 7.75e-02 - Time: 1.99 s - ETA: 3.4 min
2025-11-05 22:49:50,796 - INFO - L-BFGS Epoch 500 - Loss: 7.74e-02 - Time: 2.02 s - ETA: 3.4 min
2025-11-05 22:49:52,827 - INFO - L-BFGS Epoch 510 - Loss: 7.73e-02 - Time: 2.03 s - ETA: 3.4 min
2025-11-05 22:49:54,984 - INFO - L-BFGS Epoch 520 - Loss: 7.72e-02 - Time: 2.16 s - ETA: 3.5 min
2025-11-05 22:49:57,008 - INFO - L-BFGS Epoch 530 - Loss: 7.71e-02 - Time: 2.02 s - ETA: 3.3 min
2025-11-05 22:49:59,072 - INFO - L-BFGS Epoch 540 - Loss: 7.69e-02 - Time: 2.06 s - ETA: 3.3 min
2025-11-05 22:50:01,064 - INFO - L-BFGS Epoch 550 - Loss: 7.68e-02 - Time: 1.99 s - ETA: 3.2 min
2025-11-05 22:50:03,186 - INFO - L-BFGS Epoch 560 - Loss: 7.67e-02 - Time: 2.12 s - ETA: 3.3 min
2025-11-05 22:50:05,196 - INFO - L-BFGS Epoch 570 - Loss: 7.65e-02 - Time: 2.01 s - ETA: 3.1 min
2025-11-05 22:50:07,184 - INFO - L-BFGS Epoch 580 - Loss: 7.64e-02 - Time: 1.99 s - ETA: 3.0 min
2025-11-05 22:50:09,274 - INFO - L-BFGS Epoch 590 - Loss: 7.62e-02 - Time: 2.09 s - ETA: 3.2 min
2025-11-05 22:50:11,263 - INFO - L-BFGS Epoch 600 - Loss: 7.61e-02 - Time: 1.99 s - ETA: 3.0 min
2025-11-05 22:50:13,402 - INFO - L-BFGS Epoch 610 - Loss: 7.60e-02 - Time: 2.14 s - ETA: 3.2 min
2025-11-05 22:50:15,431 - INFO - L-BFGS Epoch 620 - Loss: 7.59e-02 - Time: 2.03 s - ETA: 3.0 min
2025-11-05 22:50:17,453 - INFO - L-BFGS Epoch 630 - Loss: 7.58e-02 - Time: 2.02 s - ETA: 2.9 min
2025-11-05 22:50:19,543 - INFO - L-BFGS Epoch 640 - Loss: 7.56e-02 - Time: 2.09 s - ETA: 3.0 min
2025-11-05 22:50:21,563 - INFO - L-BFGS Epoch 650 - Loss: 7.55e-02 - Time: 2.02 s - ETA: 2.9 min
2025-11-05 22:50:23,661 - INFO - L-BFGS Epoch 660 - Loss: 7.54e-02 - Time: 2.10 s - ETA: 2.9 min
2025-11-05 22:50:25,781 - INFO - L-BFGS Epoch 670 - Loss: 7.53e-02 - Time: 2.12 s - ETA: 2.9 min
2025-11-05 22:50:27,771 - INFO - L-BFGS Epoch 680 - Loss: 7.52e-02 - Time: 1.99 s - ETA: 2.7 min
2025-11-05 22:50:29,794 - INFO - L-BFGS Epoch 690 - Loss: 7.50e-02 - Time: 2.02 s - ETA: 2.7 min
2025-11-05 22:50:31,830 - INFO - L-BFGS Epoch 700 - Loss: 7.49e-02 - Time: 2.04 s - ETA: 2.7 min
2025-11-05 22:50:33,963 - INFO - L-BFGS Epoch 710 - Loss: 7.48e-02 - Time: 2.13 s - ETA: 2.8 min
2025-11-05 22:50:35,980 - INFO - L-BFGS Epoch 720 - Loss: 7.47e-02 - Time: 2.02 s - ETA: 2.6 min
2025-11-05 22:50:37,967 - INFO - L-BFGS Epoch 730 - Loss: 7.46e-02 - Time: 1.99 s - ETA: 2.6 min
2025-11-05 22:50:39,989 - INFO - L-BFGS Epoch 740 - Loss: 7.45e-02 - Time: 2.02 s - ETA: 2.6 min
2025-11-05 22:50:42,201 - INFO - L-BFGS Epoch 750 - Loss: 7.44e-02 - Time: 2.21 s - ETA: 2.8 min
2025-11-05 22:50:44,222 - INFO - L-BFGS Epoch 760 - Loss: 7.43e-02 - Time: 2.02 s - ETA: 2.5 min
2025-11-05 22:50:46,243 - INFO - L-BFGS Epoch 770 - Loss: 7.41e-02 - Time: 2.02 s - ETA: 2.5 min
2025-11-05 22:50:48,231 - INFO - L-BFGS Epoch 780 - Loss: 7.40e-02 - Time: 1.99 s - ETA: 2.4 min
2025-11-05 22:50:50,253 - INFO - L-BFGS Epoch 790 - Loss: 7.39e-02 - Time: 2.02 s - ETA: 2.4 min
2025-11-05 22:50:52,377 - INFO - L-BFGS Epoch 800 - Loss: 7.38e-02 - Time: 2.12 s - ETA: 2.5 min
2025-11-05 22:50:54,368 - INFO - L-BFGS Epoch 810 - Loss: 7.37e-02 - Time: 1.99 s - ETA: 2.3 min
2025-11-05 22:50:56,421 - INFO - L-BFGS Epoch 820 - Loss: 7.36e-02 - Time: 2.05 s - ETA: 2.3 min
2025-11-05 22:50:58,443 - INFO - L-BFGS Epoch 830 - Loss: 7.35e-02 - Time: 2.02 s - ETA: 2.3 min
2025-11-05 22:51:00,595 - INFO - L-BFGS Epoch 840 - Loss: 7.34e-02 - Time: 2.15 s - ETA: 2.4 min
2025-11-05 22:51:02,687 - INFO - L-BFGS Epoch 850 - Loss: 7.33e-02 - Time: 2.09 s - ETA: 2.3 min
2025-11-05 22:51:04,709 - INFO - L-BFGS Epoch 860 - Loss: 7.32e-02 - Time: 2.02 s - ETA: 2.2 min
2025-11-05 22:51:06,700 - INFO - L-BFGS Epoch 870 - Loss: 7.32e-02 - Time: 1.99 s - ETA: 2.1 min
2025-11-05 22:51:08,789 - INFO - L-BFGS Epoch 880 - Loss: 7.31e-02 - Time: 2.09 s - ETA: 2.2 min
2025-11-05 22:51:10,845 - INFO - L-BFGS Epoch 890 - Loss: 7.29e-02 - Time: 2.06 s - ETA: 2.1 min
2025-11-05 22:51:12,901 - INFO - L-BFGS Epoch 900 - Loss: 7.28e-02 - Time: 2.06 s - ETA: 2.1 min
2025-11-05 22:51:14,890 - INFO - L-BFGS Epoch 910 - Loss: 7.27e-02 - Time: 1.99 s - ETA: 2.0 min
2025-11-05 22:51:16,989 - INFO - L-BFGS Epoch 920 - Loss: 7.27e-02 - Time: 2.10 s - ETA: 2.0 min
2025-11-05 22:51:19,009 - INFO - L-BFGS Epoch 930 - Loss: 7.26e-02 - Time: 2.02 s - ETA: 1.9 min
2025-11-05 22:51:21,032 - INFO - L-BFGS Epoch 940 - Loss: 7.25e-02 - Time: 2.02 s - ETA: 1.9 min
2025-11-05 22:51:23,100 - INFO - L-BFGS Epoch 950 - Loss: 7.24e-02 - Time: 2.07 s - ETA: 1.9 min
2025-11-05 22:51:25,128 - INFO - L-BFGS Epoch 960 - Loss: 7.23e-02 - Time: 2.03 s - ETA: 1.8 min
2025-11-05 22:51:27,113 - INFO - L-BFGS Epoch 970 - Loss: 7.22e-02 - Time: 1.98 s - ETA: 1.8 min
2025-11-05 22:51:29,139 - INFO - L-BFGS Epoch 980 - Loss: 7.21e-02 - Time: 2.03 s - ETA: 1.8 min
2025-11-05 22:51:31,124 - INFO - L-BFGS Epoch 990 - Loss: 7.20e-02 - Time: 1.98 s - ETA: 1.7 min
2025-11-05 22:51:33,258 - INFO - L-BFGS Epoch 1000 - Loss: 7.20e-02 - Time: 2.13 s - ETA: 1.8 min
2025-11-05 22:51:35,266 - INFO - L-BFGS Epoch 1010 - Loss: 7.19e-02 - Time: 2.01 s - ETA: 1.6 min
2025-11-05 22:51:37,290 - INFO - L-BFGS Epoch 1020 - Loss: 7.18e-02 - Time: 2.02 s - ETA: 1.6 min
2025-11-05 22:51:39,349 - INFO - L-BFGS Epoch 1030 - Loss: 7.17e-02 - Time: 2.06 s - ETA: 1.6 min
2025-11-05 22:51:41,374 - INFO - L-BFGS Epoch 1040 - Loss: 7.16e-02 - Time: 2.02 s - ETA: 1.6 min
2025-11-05 22:51:43,494 - INFO - L-BFGS Epoch 1050 - Loss: 7.15e-02 - Time: 2.12 s - ETA: 1.6 min
2025-11-05 22:51:45,584 - INFO - L-BFGS Epoch 1060 - Loss: 7.14e-02 - Time: 2.09 s - ETA: 1.5 min
2025-11-05 22:51:47,607 - INFO - L-BFGS Epoch 1070 - Loss: 7.12e-02 - Time: 2.02 s - ETA: 1.5 min
2025-11-05 22:51:49,633 - INFO - L-BFGS Epoch 1080 - Loss: 7.11e-02 - Time: 2.03 s - ETA: 1.4 min
2025-11-05 22:51:51,652 - INFO - L-BFGS Epoch 1090 - Loss: 7.10e-02 - Time: 2.02 s - ETA: 1.4 min
2025-11-05 22:51:53,839 - INFO - L-BFGS Epoch 1100 - Loss: 7.08e-02 - Time: 2.19 s - ETA: 1.5 min
2025-11-05 22:51:55,864 - INFO - L-BFGS Epoch 1110 - Loss: 7.07e-02 - Time: 2.02 s - ETA: 1.3 min
2025-11-05 22:51:57,954 - INFO - L-BFGS Epoch 1120 - Loss: 7.05e-02 - Time: 2.09 s - ETA: 1.3 min
2025-11-05 22:51:59,943 - INFO - L-BFGS Epoch 1130 - Loss: 7.04e-02 - Time: 1.99 s - ETA: 1.2 min
2025-11-05 22:52:02,126 - INFO - L-BFGS Epoch 1140 - Loss: 7.03e-02 - Time: 2.18 s - ETA: 1.3 min
2025-11-05 22:52:04,248 - INFO - L-BFGS Epoch 1150 - Loss: 7.01e-02 - Time: 2.12 s - ETA: 1.2 min
2025-11-05 22:52:06,237 - INFO - L-BFGS Epoch 1160 - Loss: 7.00e-02 - Time: 1.99 s - ETA: 1.1 min
2025-11-05 22:52:08,361 - INFO - L-BFGS Epoch 1170 - Loss: 6.98e-02 - Time: 2.12 s - ETA: 1.2 min
2025-11-05 22:52:10,385 - INFO - L-BFGS Epoch 1180 - Loss: 6.97e-02 - Time: 2.02 s - ETA: 1.1 min
2025-11-05 22:52:12,566 - INFO - L-BFGS Epoch 1190 - Loss: 6.95e-02 - Time: 2.18 s - ETA: 1.1 min
2025-11-05 22:52:14,619 - INFO - L-BFGS Epoch 1200 - Loss: 6.93e-02 - Time: 2.05 s - ETA: 1.0 min
2025-11-05 22:52:16,726 - INFO - L-BFGS Epoch 1210 - Loss: 6.92e-02 - Time: 2.11 s - ETA: 1.0 min
2025-11-05 22:52:18,840 - INFO - L-BFGS Epoch 1220 - Loss: 6.91e-02 - Time: 2.11 s - ETA: 1.0 min
2025-11-05 22:52:20,866 - INFO - L-BFGS Epoch 1230 - Loss: 6.89e-02 - Time: 2.03 s - ETA: 0.9 min
2025-11-05 22:52:22,923 - INFO - L-BFGS Epoch 1240 - Loss: 6.88e-02 - Time: 2.06 s - ETA: 0.9 min
2025-11-05 22:52:24,994 - INFO - L-BFGS Epoch 1250 - Loss: 6.86e-02 - Time: 2.07 s - ETA: 0.9 min
2025-11-05 22:52:27,014 - INFO - L-BFGS Epoch 1260 - Loss: 6.84e-02 - Time: 2.02 s - ETA: 0.8 min
2025-11-05 22:52:29,002 - INFO - L-BFGS Epoch 1270 - Loss: 6.83e-02 - Time: 1.99 s - ETA: 0.8 min
2025-11-05 22:52:31,061 - INFO - L-BFGS Epoch 1280 - Loss: 6.82e-02 - Time: 2.06 s - ETA: 0.8 min
2025-11-05 22:52:33,054 - INFO - L-BFGS Epoch 1290 - Loss: 6.80e-02 - Time: 1.99 s - ETA: 0.7 min
2025-11-05 22:52:35,275 - INFO - L-BFGS Epoch 1300 - Loss: 6.79e-02 - Time: 2.22 s - ETA: 0.7 min
2025-11-05 22:52:37,267 - INFO - L-BFGS Epoch 1310 - Loss: 6.78e-02 - Time: 1.99 s - ETA: 0.6 min
2025-11-05 22:52:39,258 - INFO - L-BFGS Epoch 1320 - Loss: 6.76e-02 - Time: 1.99 s - ETA: 0.6 min
2025-11-05 22:52:41,424 - INFO - L-BFGS Epoch 1330 - Loss: 6.75e-02 - Time: 2.17 s - ETA: 0.6 min
2025-11-05 22:52:43,477 - INFO - L-BFGS Epoch 1340 - Loss: 6.74e-02 - Time: 2.05 s - ETA: 0.5 min
2025-11-05 22:52:45,465 - INFO - L-BFGS Epoch 1350 - Loss: 6.73e-02 - Time: 1.99 s - ETA: 0.5 min
2025-11-05 22:52:47,483 - INFO - L-BFGS Epoch 1360 - Loss: 6.71e-02 - Time: 2.02 s - ETA: 0.5 min
2025-11-05 22:52:49,468 - INFO - L-BFGS Epoch 1370 - Loss: 6.70e-02 - Time: 1.98 s - ETA: 0.4 min
2025-11-05 22:52:51,609 - INFO - L-BFGS Epoch 1380 - Loss: 6.69e-02 - Time: 2.14 s - ETA: 0.4 min
2025-11-05 22:52:53,596 - INFO - L-BFGS Epoch 1390 - Loss: 6.68e-02 - Time: 1.99 s - ETA: 0.4 min
2025-11-05 22:52:55,651 - INFO - L-BFGS Epoch 1400 - Loss: 6.66e-02 - Time: 2.05 s - ETA: 0.3 min
2025-11-05 22:52:57,781 - INFO - L-BFGS Epoch 1410 - Loss: 6.64e-02 - Time: 2.13 s - ETA: 0.3 min
2025-11-05 22:52:59,769 - INFO - L-BFGS Epoch 1420 - Loss: 6.63e-02 - Time: 1.99 s - ETA: 0.3 min
2025-11-05 22:53:01,760 - INFO - L-BFGS Epoch 1430 - Loss: 6.61e-02 - Time: 1.99 s - ETA: 0.2 min
2025-11-05 22:53:03,750 - INFO - L-BFGS Epoch 1440 - Loss: 6.59e-02 - Time: 1.99 s - ETA: 0.2 min
2025-11-05 22:53:05,930 - INFO - L-BFGS Epoch 1450 - Loss: 6.57e-02 - Time: 2.18 s - ETA: 0.2 min
2025-11-05 22:53:07,984 - INFO - L-BFGS Epoch 1460 - Loss: 6.55e-02 - Time: 2.05 s - ETA: 0.1 min
2025-11-05 22:53:10,006 - INFO - L-BFGS Epoch 1470 - Loss: 6.52e-02 - Time: 2.02 s - ETA: 0.1 min
2025-11-05 22:53:12,023 - INFO - L-BFGS Epoch 1480 - Loss: 6.50e-02 - Time: 2.02 s - ETA: 0.1 min
2025-11-05 22:53:14,043 - INFO - L-BFGS Epoch 1490 - Loss: 6.47e-02 - Time: 2.02 s - ETA: 0.0 min
2025-11-05 22:53:16,020 - INFO - Refinamento L-BFGS concluído. Loss final: 6.45e-02
2025-11-05 22:53:16,768 - INFO - Process Finished.
