2025-11-05 23:06:19,338 - INFO - Usando dispositivo: cuda
/home/exx/users/nicolas/venv/lib/python3.10/site-packages/torch/autograd/graph.py:829: UserWarning: Attempting to run cuBLAS, but there was no current CUDA context! Attempting to set the primary context... (Triggered internally at /pytorch/aten/src/ATen/cuda/CublasHandlePool.cpp:179.)
  return Variable._execution_engine.run_backward(  # Calls into the C++ engine to run the backward pass
2025-11-05 23:06:20,458 - INFO - Epoch 0 - Loss: 1.00e+01 - LR: 5.00e-03 - Time: 0.25 s - ETA: 0.0 min - Expected Loss: 1.00e+01
2025-11-05 23:06:29,284 - INFO - Epoch 1000 - Loss: 9.13e-02 - LR: 3.20e-03 - Time: 8.83 s - ETA: 1.3 min - Expected Loss: 1.73e-01
2025-11-05 23:06:37,317 - INFO - Epoch 2000 - Loss: 8.58e-02 - LR: 2.05e-03 - Time: 8.03 s - ETA: 1.1 min - Expected Loss: -1.55e-01
2025-11-05 23:06:45,413 - INFO - Epoch 3000 - Loss: 8.81e-02 - LR: 1.31e-03 - Time: 8.10 s - ETA: 0.9 min - Expected Loss: -3.83e-01
2025-11-05 23:06:53,438 - INFO - Epoch 4000 - Loss: 8.95e-02 - LR: 8.39e-04 - Time: 8.02 s - ETA: 0.8 min - Expected Loss: 2.45e-01
2025-11-05 23:07:01,520 - INFO - Epoch 5000 - Loss: 8.79e-02 - LR: 5.37e-04 - Time: 8.08 s - ETA: 0.7 min - Expected Loss: 5.60e-02
2025-11-05 23:07:09,556 - INFO - Epoch 6000 - Loss: 8.84e-02 - LR: 3.44e-04 - Time: 8.04 s - ETA: 0.5 min - Expected Loss: -2.58e-02
2025-11-05 23:07:17,663 - INFO - Epoch 7000 - Loss: 8.80e-02 - LR: 2.20e-04 - Time: 8.11 s - ETA: 0.4 min - Expected Loss: 1.18e-01
2025-11-05 23:07:25,694 - INFO - Epoch 8000 - Loss: 8.94e-02 - LR: 1.41e-04 - Time: 8.03 s - ETA: 0.3 min - Expected Loss: 5.72e-02
2025-11-05 23:07:34,297 - INFO - Epoch 9000 - Loss: 8.97e-02 - LR: 9.01e-05 - Time: 8.60 s - ETA: 0.1 min - Expected Loss: 1.02e-01
2025-11-05 23:07:41,884 - INFO - Epoch 10000 - Loss: 9.00e-02 - LR: 5.76e-05 - Time: 7.59 s - ETA: 0.0 min - Expected Loss: 9.00e-02
2025-11-05 23:07:41,884 - INFO - Iniciando refinamento com L-BFGS...
2025-11-05 23:07:46,136 - INFO - L-BFGS Epoch 0 - Loss: 8.57e-02 - Time: 4.25 s - ETA: 10.6 min - Expected Loss: 8.57e-02
2025-11-05 23:08:27,734 - INFO - L-BFGS Epoch 10 - Loss: 8.03e-02 - Time: 41.60 s - ETA: 103.3 min - Expected Loss: -2.58e-01
2025-11-05 23:09:09,570 - INFO - L-BFGS Epoch 20 - Loss: 7.74e-02 - Time: 41.84 s - ETA: 103.2 min - Expected Loss: -3.08e-01
2025-11-05 23:09:51,318 - INFO - L-BFGS Epoch 30 - Loss: 7.43e-02 - Time: 41.75 s - ETA: 102.3 min - Expected Loss: -3.31e-01
2025-11-05 23:10:33,250 - INFO - L-BFGS Epoch 40 - Loss: 7.13e-02 - Time: 41.93 s - ETA: 102.0 min - Expected Loss: -3.40e-01
slurmstepd-sn4622123712: error: *** JOB 59 ON sn4622123712 CANCELLED AT 2025-11-05T23:10:56 ***
