2025-11-05 23:15:59,101 - INFO - Usando dispositivo: cuda
/home/exx/users/nicolas/venv/lib/python3.10/site-packages/torch/autograd/graph.py:829: UserWarning: Attempting to run cuBLAS, but there was no current CUDA context! Attempting to set the primary context... (Triggered internally at /pytorch/aten/src/ATen/cuda/CublasHandlePool.cpp:179.)
  return Variable._execution_engine.run_backward(  # Calls into the C++ engine to run the backward pass
2025-11-05 23:16:00,200 - INFO - Epoch 0 - Loss: 1.00e+01 - LR: 5.00e-03 - Time: 0.25 s - ETA: 0.1 min
2025-11-05 23:16:08,543 - INFO - Epoch 1000 - Loss: 9.13e-02 - LR: 3.20e-03 - Time: 8.34 s - ETA: 1.9 min
2025-11-05 23:16:16,508 - INFO - Epoch 2000 - Loss: 8.58e-02 - LR: 2.05e-03 - Time: 7.97 s - ETA: 1.7 min
2025-11-05 23:16:24,391 - INFO - Epoch 3000 - Loss: 8.81e-02 - LR: 1.31e-03 - Time: 7.88 s - ETA: 1.6 min
2025-11-05 23:16:33,189 - INFO - Epoch 4000 - Loss: 8.95e-02 - LR: 8.39e-04 - Time: 8.80 s - ETA: 1.6 min
2025-11-05 23:16:41,997 - INFO - Epoch 5000 - Loss: 8.79e-02 - LR: 5.37e-04 - Time: 8.81 s - ETA: 1.5 min
2025-11-05 23:16:50,845 - INFO - Epoch 6000 - Loss: 8.84e-02 - LR: 3.44e-04 - Time: 8.85 s - ETA: 1.3 min
2025-11-05 23:16:59,755 - INFO - Epoch 7000 - Loss: 8.80e-02 - LR: 2.20e-04 - Time: 8.91 s - ETA: 1.2 min
2025-11-05 23:17:08,567 - INFO - Epoch 8000 - Loss: 8.94e-02 - LR: 1.41e-04 - Time: 8.81 s - ETA: 1.0 min
2025-11-05 23:17:17,405 - INFO - Epoch 9000 - Loss: 8.97e-02 - LR: 9.01e-05 - Time: 8.84 s - ETA: 0.9 min
2025-11-05 23:17:25,417 - INFO - Epoch 10000 - Loss: 9.00e-02 - LR: 5.76e-05 - Time: 8.01 s - ETA: 0.7 min
2025-11-05 23:17:33,348 - INFO - Epoch 11000 - Loss: 8.89e-02 - LR: 3.69e-05 - Time: 7.93 s - ETA: 0.5 min
2025-11-05 23:17:41,216 - INFO - Epoch 12000 - Loss: 8.93e-02 - LR: 2.36e-05 - Time: 7.87 s - ETA: 0.4 min
2025-11-05 23:17:49,195 - INFO - Epoch 13000 - Loss: 9.07e-02 - LR: 1.51e-05 - Time: 7.98 s - ETA: 0.3 min
2025-11-05 23:17:57,106 - INFO - Epoch 14000 - Loss: 8.82e-02 - LR: 9.67e-06 - Time: 7.91 s - ETA: 0.1 min
2025-11-05 23:18:04,801 - INFO - Epoch 15000 - Loss: 9.07e-02 - LR: 6.19e-06 - Time: 7.69 s - ETA: 0.0 min
2025-11-05 23:18:04,801 - INFO - Iniciando refinamento com L-BFGS...
2025-11-05 23:18:05,529 - INFO - L-BFGS Epoch 0 - Loss: 8.57e-02 - Time: 0.73 s - ETA: 6.1 min - Expected Loss: 8.57e-02
2025-11-05 23:18:13,741 - INFO - L-BFGS Epoch 10 - Loss: 8.21e-02 - Time: 8.21 s - ETA: 68.3 min - Expected Loss: -4.59e-01
2025-11-05 23:18:21,967 - INFO - L-BFGS Epoch 20 - Loss: 8.16e-02 - Time: 8.23 s - ETA: 68.3 min - Expected Loss: -3.10e-01
2025-11-05 23:18:30,280 - INFO - L-BFGS Epoch 30 - Loss: 8.11e-02 - Time: 8.31 s - ETA: 68.9 min - Expected Loss: -2.50e-01
2025-11-05 23:18:38,593 - INFO - L-BFGS Epoch 40 - Loss: 8.07e-02 - Time: 8.31 s - ETA: 68.7 min - Expected Loss: -2.23e-01
2025-11-05 23:18:46,873 - INFO - L-BFGS Epoch 50 - Loss: 8.01e-02 - Time: 8.28 s - ETA: 68.3 min - Expected Loss: -2.20e-01
2025-11-05 23:18:55,099 - INFO - L-BFGS Epoch 60 - Loss: 7.95e-02 - Time: 8.23 s - ETA: 67.7 min - Expected Loss: -1.70e-01
2025-11-05 23:19:03,382 - INFO - L-BFGS Epoch 70 - Loss: 7.88e-02 - Time: 8.28 s - ETA: 68.1 min - Expected Loss: -1.88e-01
2025-11-05 23:19:11,766 - INFO - L-BFGS Epoch 80 - Loss: 7.83e-02 - Time: 8.38 s - ETA: 68.7 min - Expected Loss: -1.97e-01
2025-11-05 23:19:19,884 - INFO - L-BFGS Epoch 90 - Loss: 7.77e-02 - Time: 8.12 s - ETA: 66.4 min - Expected Loss: -2.14e-01
2025-11-05 23:19:28,255 - INFO - L-BFGS Epoch 100 - Loss: 7.70e-02 - Time: 8.37 s - ETA: 68.4 min - Expected Loss: -2.18e-01
