2025-10-26 23:17:27,342 - INFO - Usando dispositivo: cuda
/home/exx/users/nicolas/venv/lib/python3.10/site-packages/torch/autograd/graph.py:829: UserWarning: Attempting to run cuBLAS, but there was no current CUDA context! Attempting to set the primary context... (Triggered internally at /pytorch/aten/src/ATen/cuda/CublasHandlePool.cpp:179.)
  return Variable._execution_engine.run_backward(  # Calls into the C++ engine to run the backward pass
2025-10-26 23:17:28,457 - INFO - Epoch 0 - Loss: 4.54e-01 - Time: 0.26s
2025-10-26 23:17:32,365 - INFO - Epoch 100 - Loss: 3.48e-01 - Time: 3.91s
2025-10-26 23:17:36,276 - INFO - Epoch 200 - Loss: 2.12e-01 - Time: 3.91s
2025-10-26 23:17:40,186 - INFO - Epoch 300 - Loss: 1.95e-01 - Time: 3.91s
2025-10-26 23:17:44,096 - INFO - Epoch 400 - Loss: 1.94e-01 - Time: 3.91s
2025-10-26 23:17:48,004 - INFO - Epoch 500 - Loss: 1.94e-01 - Time: 3.91s
2025-10-26 23:17:51,928 - INFO - Epoch 600 - Loss: 1.93e-01 - Time: 3.92s
2025-10-26 23:17:55,849 - INFO - Epoch 700 - Loss: 1.93e-01 - Time: 3.92s
2025-10-26 23:17:59,771 - INFO - Epoch 800 - Loss: 1.93e-01 - Time: 3.92s
2025-10-26 23:18:03,695 - INFO - Epoch 900 - Loss: 1.93e-01 - Time: 3.92s
2025-10-26 23:18:07,603 - INFO - Epoch 1000 - Loss: 1.92e-01 - Time: 3.91s
2025-10-26 23:18:11,509 - INFO - Epoch 1100 - Loss: 1.92e-01 - Time: 3.90s
2025-10-26 23:18:15,413 - INFO - Epoch 1200 - Loss: 1.92e-01 - Time: 3.90s
2025-10-26 23:18:19,317 - INFO - Epoch 1300 - Loss: 1.92e-01 - Time: 3.90s
2025-10-26 23:18:23,219 - INFO - Epoch 1400 - Loss: 1.91e-01 - Time: 3.90s
2025-10-26 23:18:27,123 - INFO - Epoch 1500 - Loss: 2.10e-01 - Time: 3.90s
2025-10-26 23:18:31,037 - INFO - Epoch 1600 - Loss: 1.91e-01 - Time: 3.91s
2025-10-26 23:18:34,954 - INFO - Epoch 1700 - Loss: 1.91e-01 - Time: 3.92s
2025-10-26 23:18:38,873 - INFO - Epoch 1800 - Loss: 1.90e-01 - Time: 3.92s
2025-10-26 23:18:42,789 - INFO - Epoch 1900 - Loss: 1.90e-01 - Time: 3.92s
2025-10-26 23:18:46,707 - INFO - Epoch 2000 - Loss: 1.90e-01 - Time: 3.92s
2025-10-26 23:18:47,277 - INFO - Process Finished.
